<?xml version="1.0" encoding="UTF-8"?>
<!-- Generated by org.testng.reporters.JUnitXMLReporter -->
<testsuite hostname="NDI-LAP-669" ignored="0" name="Default test" tests="4" failures="0" timestamp="03 Dec 2018 15:20:17 GMT" time="103.699" errors="0">
  <testcase name="addWorkEmailId" time="44.509" classname="patientPortal.Test.PatientPortalUpdateInformationTest"/>
  <testcase name="addPersonalEmailId" time="24.603" classname="patientPortal.Test.PatientPortalUpdateInformationTest"/>
  <testcase name="deletePersonalEmailId" time="22.093" classname="patientPortal.Test.PatientPortalUpdateInformationTest"/>
  <testcase name="doubleClickOnPatientInfromation" time="11.87" classname="patientPortal.Test.PatientPortalUpdateInformationTest"/>
</testsuite> <!-- Default test -->
