<?xml version="1.0" encoding="UTF-8"?>
<!-- Generated by org.testng.reporters.JUnitXMLReporter -->
<testsuite hostname="NDI-LAP-669" ignored="0" name="Default test" tests="3" failures="0" timestamp="29 Nov 2018 10:01:08 GMT" time="83.456" errors="0">
  <testcase name="addWorkEmailId" time="36.438" classname="patientPortal.Test.PatientPortalUpdateInformationTest"/>
  <testcase name="addPersonalEmailId" time="23.574" classname="patientPortal.Test.PatientPortalUpdateInformationTest"/>
  <testcase name="deletePersonalEmailId" time="23.137" classname="patientPortal.Test.PatientPortalUpdateInformationTest"/>
</testsuite> <!-- Default test -->
