<?xml version="1.0" encoding="UTF-8"?>
<!-- Generated by org.testng.reporters.JUnitXMLReporter -->
<testsuite hostname="NDI-LAP-669" ignored="0" name="Patient Portal HomePage" tests="1" failures="1" timestamp="03 Dec 2018 16:16:20 GMT" time="31.378" errors="0">
  <testcase name="sendAMessage" time="31.277" classname="patientPortal.Test.PatientPortalHomePageTest">
    <failure type="java.lang.AssertionError" message="expected [true] but found [false]">
      <![CDATA[java.lang.AssertionError: expected [true] but found [false]
at patientPortal.Test.PatientPortalHomePageTest.sendAMessage(PatientPortalHomePageTest.java:60)
... Removed 29 stack frames]]>
    </failure>
  </testcase> <!-- sendAMessage -->
</testsuite> <!-- Patient Portal HomePage -->
