<?xml version="1.0" encoding="UTF-8"?>
<!-- Generated by org.testng.reporters.JUnitXMLReporter -->
<testsuite hostname="NDI-LAP-669" ignored="0" name="Patient Portal Update InformationPage" tests="4" failures="0" timestamp="03 Dec 2018 15:48:31 GMT" time="99.462" errors="0">
  <testcase name="addWorkEmailId" time="41.191" classname="patientPortal.Test.PatientPortalUpdateInformationTest"/>
  <testcase name="addPersonalEmailId" time="23.808" classname="patientPortal.Test.PatientPortalUpdateInformationTest"/>
  <testcase name="deletePersonalEmailId" time="22.282" classname="patientPortal.Test.PatientPortalUpdateInformationTest"/>
  <testcase name="doubleClickOnPatientInfromation" time="12.139" classname="patientPortal.Test.PatientPortalUpdateInformationTest"/>
</testsuite> <!-- Patient Portal Update InformationPage -->
