<?xml version="1.0" encoding="UTF-8"?>
<!-- Generated by org.testng.reporters.JUnitXMLReporter -->
<testsuite hostname="NDI-LAP-669" ignored="0" name="Patient Portal Login Test" tests="2" failures="0" timestamp="03 Dec 2018 16:15:49 GMT" time="26.559" errors="0">
  <testcase name="doLogin" time="26.158" classname="patientPortal.Test.PatientPortalLoginTest"/>
  <testcase name="doLogin" time="0.001" classname="patientPortal.Test.PatientPortalLoginTest">
    <skipped/>
  </testcase> <!-- doLogin -->
</testsuite> <!-- Patient Portal Login Test -->
