<?xml version="1.0" encoding="UTF-8"?>
<!-- Generated by org.testng.reporters.JUnitXMLReporter -->
<testsuite hostname="NDI-LAP-669" ignored="2" tests="0" failures="0" timestamp="26 Nov 2018 17:11:50 GMT" time="0.006" errors="0">
  <testcase name="MyAccount" time="0.0" classname="patientPortal.Test.PatientPortalMyAccountTest">
    <ignored/>
  </testcase> <!-- MyAccount -->
  <testcase name="checkHistoryLog" time="0.0" classname="patientPortal.Test.PatientPortalMyAccountTest">
    <ignored/>
  </testcase> <!-- checkHistoryLog -->
</testsuite>
