<?xml version="1.0" encoding="UTF-8"?>
<!-- Generated by org.testng.reporters.JUnitXMLReporter -->
<testsuite hostname="NDI-LAP-669" ignored="0" name="Patient Portal Login" tests="2" failures="1" timestamp="26 Nov 2018 16:50:21 GMT" time="19.322" errors="0">
  <testcase name="testLogin" time="19.005" classname="patientPortal.Test.PatientPortalLoginTest">
    <failure type="java.lang.AssertionError" message="LoginFail">
      <![CDATA[java.lang.AssertionError: LoginFail
at patientPortal.Test.PatientPortalLoginTest.testLogin(PatientPortalLoginTest.java:51)
... Removed 26 stack frames]]>
    </failure>
  </testcase> <!-- testLogin -->
  <testcase name="testLogin" time="0.001" classname="patientPortal.Test.PatientPortalLoginTest">
    <skipped/>
  </testcase> <!-- testLogin -->
</testsuite> <!-- Patient Portal Login -->
