<?xml version="1.0" encoding="UTF-8"?>
<!-- Generated by org.testng.reporters.JUnitXMLReporter -->
<testsuite hostname="NDI-LAP-669" ignored="0" name="Patient Portal Update InformationPage" tests="3" failures="0" timestamp="29 Nov 2018 04:09:38 GMT" time="55.086" errors="0">
  <testcase name="addWorkEmailId" time="29.949" classname="patientPortal.Test.PatientPortalUpdateInformationTest"/>
  <testcase name="addPersonalEmailId" time="14.522" classname="patientPortal.Test.PatientPortalUpdateInformationTest"/>
  <testcase name="deletePersonalEmailId" time="10.119" classname="patientPortal.Test.PatientPortalUpdateInformationTest"/>
</testsuite> <!-- Patient Portal Update InformationPage -->
